-------------------------------------------------------------------------------
Test set: com.kaveesh.testApp.TestAppApplicationTests
-------------------------------------------------------------------------------
Tests run: 1, Failures: 0, Errors: 1, Skipped: 0, Time elapsed: 5.389 s <<< FAILURE! - in com.kaveesh.testApp.TestAppApplicationTests
contextLoads  Time elapsed: 0.001 s  <<< ERROR!
java.lang.IllegalStateException: Failed to load ApplicationContext
Caused by: org.springframework.beans.factory.BeanCreationException: Error creating bean with name 'userRepository' defined in com.kaveesh.testApp.dao.UserRepository defined in @EnableJpaRepositories declared on JpaRepositoriesRegistrar.EnableJpaRepositoriesConfiguration: Cannot resolve reference to bean 'jpaMappingContext' while setting bean property 'mappingContext'; nested exception is org.springframework.beans.factory.BeanCreationException: Error creating bean with name 'jpaMappingContext': Invocation of init method failed; nested exception is javax.persistence.PersistenceException: [PersistenceUnit: default] Unable to build Hibernate SessionFactory; nested exception is org.hibernate.MappingException: Could not determine type for: com.fasterxml.jackson.databind.JsonNode, at table: admin_uesr, for columns: [org.hibernate.mapping.Column(user_data)]
Caused by: org.springframework.beans.factory.BeanCreationException: Error creating bean with name 'jpaMappingContext': Invocation of init method failed; nested exception is javax.persistence.PersistenceException: [PersistenceUnit: default] Unable to build Hibernate SessionFactory; nested exception is org.hibernate.MappingException: Could not determine type for: com.fasterxml.jackson.databind.JsonNode, at table: admin_uesr, for columns: [org.hibernate.mapping.Column(user_data)]
Caused by: javax.persistence.PersistenceException: [PersistenceUnit: default] Unable to build Hibernate SessionFactory; nested exception is org.hibernate.MappingException: Could not determine type for: com.fasterxml.jackson.databind.JsonNode, at table: admin_uesr, for columns: [org.hibernate.mapping.Column(user_data)]
Caused by: org.hibernate.MappingException: Could not determine type for: com.fasterxml.jackson.databind.JsonNode, at table: admin_uesr, for columns: [org.hibernate.mapping.Column(user_data)]

